Using pre-set license
Built from '2021.1/staging' branch; Version is '2021.1.12f1 (afcadd793de6) revision 11520733'; Using compiler version '192528614'; Build Type 'Release'
OS: 'Windows 10 Pro; OS build 19043.1110; Version 2009; 64bit' Language: 'en' Physical Memory: 32667 MB
BatchMode: 1, IsHumanControllingUs: 0, StartBugReporterOnCrash: 0, Is64bit: 1, IsPro: 0

 COMMAND LINE ARGUMENTS:
C:\Program Files\Unity\Hub\Editor\2021.1.12f1\Editor\Unity.exe
-adb2
-batchMode
-noUpm
-name
AssetImportWorker0
-projectPath
D:/Unity Projects/Pacman/proj_pacman
-logFile
Logs/AssetImportWorker0.log
-srvPort
62045
Successfully changed project path to: D:/Unity Projects/Pacman/proj_pacman
D:/Unity Projects/Pacman/proj_pacman
Using Asset Import Pipeline V2.
Refreshing native plugins compatible for Editor in 86.06 ms, found 4 plugins.
Preloading 0 native plugins for Editor in 0.00 ms.
Initialize engine version: 2021.1.12f1 (afcadd793de6)
[Subsystems] Discovering subsystems at path C:/Program Files/Unity/Hub/Editor/2021.1.12f1/Editor/Data/Resources/UnitySubsystems
[Subsystems] Discovering subsystems at path D:/Unity Projects/Pacman/proj_pacman/Assets
GfxDevice: creating device client; threaded=0; jobified=0
Direct3D:
    Version:  Direct3D 11.0 [level 11.1]
    Renderer: NVIDIA GeForce GTX 1080 Ti (ID=0x1b06)
    Vendor:   NVIDIA
    VRAM:     11127 MB
    Driver:   30.0.14.7141
Initialize mono
Mono path[0] = 'C:/Program Files/Unity/Hub/Editor/2021.1.12f1/Editor/Data/Managed'
Mono path[1] = 'C:/Program Files/Unity/Hub/Editor/2021.1.12f1/Editor/Data/MonoBleedingEdge/lib/mono/unityjit'
Mono config path = 'C:/Program Files/Unity/Hub/Editor/2021.1.12f1/Editor/Data/MonoBleedingEdge/etc'
Using monoOptions --debugger-agent=transport=dt_socket,embedding=1,server=y,suspend=n,address=127.0.0.1:56576
Begin MonoManager ReloadAssembly
Registering precompiled unity dll's ...
Register platform support module: C:/Program Files/Unity/Hub/Editor/2021.1.12f1/Editor/Data/PlaybackEngines/WebGLSupport/UnityEditor.WebGL.Extensions.dll
Register platform support module: C:/Program Files/Unity/Hub/Editor/2021.1.12f1/Editor/Data/PlaybackEngines/WindowsStandaloneSupport/UnityEditor.WindowsStandalone.Extensions.dll
Registered in 0.002264 seconds.
Native extension for WindowsStandalone target not found
Native extension for WebGL target not found
Refreshing native plugins compatible for Editor in 90.00 ms, found 4 plugins.
Preloading 0 native plugins for Editor in 0.00 ms.
Mono: successfully reloaded assembly
- Completed reload, in  1.049 seconds
Domain Reload Profiling:
	ReloadAssembly (1049ms)
		BeginReloadAssembly (46ms)
			ExecutionOrderSort (0ms)
			DisableScriptedObjects (0ms)
			BackupInstance (0ms)
			ReleaseScriptingObjects (0ms)
			CreateAndSetChildDomain (1ms)
		EndReloadAssembly (423ms)
			LoadAssemblies (45ms)
			RebuildTransferFunctionScriptingTraits (0ms)
			SetupTypeCache (146ms)
			ReleaseScriptCaches (0ms)
			RebuildScriptCaches (27ms)
			SetupLoadedEditorAssemblies (209ms)
				LogAssemblyErrors (0ms)
				InitializePlatformSupportModulesInManaged (6ms)
				SetLoadedEditorAssemblies (0ms)
				RefreshPlugins (90ms)
				BeforeProcessingInitializeOnLoad (1ms)
				ProcessInitializeOnLoadAttributes (86ms)
				ProcessInitializeOnLoadMethodAttributes (25ms)
				AfterProcessingInitializeOnLoad (0ms)
				EditorAssembliesLoaded (0ms)
			ExecutionOrderSort2 (0ms)
			AwakeInstancesAfterBackupRestoration (0ms)
Platform modules already initialized, skipping
Registering precompiled user dll's ...
Registered in 0.005001 seconds.
Begin MonoManager ReloadAssembly
Symbol file LoadedFromMemory doesn't match image D:\Unity Projects\Pacman\proj_pacman\Library\PackageCache\com.unity.visualscripting@1.6.1\Editor\VisualScripting.Core\Dependencies\YamlDotNet\Unity.VisualScripting.YamlDotNet.dll
Symbol file LoadedFromMemory doesn't match image D:\Unity Projects\Pacman\proj_pacman\Library\PackageCache\com.unity.visualscripting@1.6.1\Editor\VisualScripting.Core\Dependencies\DotNetZip\Unity.VisualScripting.IonicZip.dll
Native extension for WindowsStandalone target not found
Native extension for WebGL target not found
Refreshing native plugins compatible for Editor in 90.35 ms, found 4 plugins.
Preloading 0 native plugins for Editor in 0.00 ms.
Mono: successfully reloaded assembly
- Completed reload, in  1.116 seconds
Domain Reload Profiling:
	ReloadAssembly (1116ms)
		BeginReloadAssembly (131ms)
			ExecutionOrderSort (0ms)
			DisableScriptedObjects (4ms)
			BackupInstance (0ms)
			ReleaseScriptingObjects (0ms)
			CreateAndSetChildDomain (17ms)
		EndReloadAssembly (933ms)
			LoadAssemblies (81ms)
			RebuildTransferFunctionScriptingTraits (0ms)
			SetupTypeCache (319ms)
			ReleaseScriptCaches (1ms)
			RebuildScriptCaches (47ms)
			SetupLoadedEditorAssemblies (397ms)
				LogAssemblyErrors (0ms)
				InitializePlatformSupportModulesInManaged (4ms)
				SetLoadedEditorAssemblies (0ms)
				RefreshPlugins (90ms)
				BeforeProcessingInitializeOnLoad (77ms)
				ProcessInitializeOnLoadAttributes (204ms)
				ProcessInitializeOnLoadMethodAttributes (14ms)
				AfterProcessingInitializeOnLoad (6ms)
				EditorAssembliesLoaded (0ms)
			ExecutionOrderSort2 (0ms)
			AwakeInstancesAfterBackupRestoration (6ms)
Platform modules already initialized, skipping
========================================================================
Worker process is ready to serve import requests
Launched and connected shader compiler UnityShaderCompiler.exe after 0.04 seconds
Refreshing native plugins compatible for Editor in 0.61 ms, found 4 plugins.
Preloading 0 native plugins for Editor in 0.00 ms.
Unloading 3667 Unused Serialized files (Serialized files now loaded: 0)
System memory in use before: 136.1 MB.
System memory in use after: 136.1 MB.

Unloading 37 unused Assets to reduce memory usage. Loaded Objects now: 4111.
Total: 2.658300 ms (FindLiveObjects: 0.254200 ms CreateObjectMapping: 0.135700 ms MarkObjects: 2.171800 ms  DeleteObjects: 0.095800 ms)

AssetImportParameters requested are different than current active one (requested -> active):
  custom:framework-win-MediaFoundation: 216162199b28c13a410421893ffa2e32 -> 
  custom:video-decoder-ogg-theora: a1e56fd34408186e4bbccfd4996cb3dc -> 
  custom:container-muxer-webm: aa71ff27fc2769a1b78a27578f13a17b -> 
  custom:container-demuxer-webm: 4f35f7cbe854078d1ac9338744f61a02 -> 
  custom:container-demuxer-ogg: 62fdf1f143b41e24485cea50d1cbac27 -> 
  custom:video-encoder-webm-vp8: eb34c28f22e8b96e1ab97ce403110664 -> 
  custom:video-codec-MediaFoundation-h265: 746d11721c4dcdbdad8f713fa42b33f4 -> 
  custom:video-decoder-webm-vp8: 9c59270c3fd7afecdb556c50c9e8de78 -> 
  custom:audio-decoder-ogg-vorbis: bf7c407c2cedff20999df2af8eb42d56 -> 
  custom:audio-encoder-webm-vorbis: bf7c407c2cedff20999df2af8eb42d56 -> 
========================================================================
Received Import Request.
  path: Assets/Scenes
  artifactKey: Guid(131a6b21c8605f84396be9f6751fb6e3) Importer(815301076,1909f56bfc062723c751e8b465ee728b)
Start importing Assets/Scenes using Guid(131a6b21c8605f84396be9f6751fb6e3) Importer(815301076,1909f56bfc062723c751e8b465ee728b)  -> (artifact id: 'df75b7d1a31c5b4f73fd45661b403b04') in 0.009788 seconds 
========================================================================
Received Import Request.
  Time since last request: 2.517220 seconds.
  path: Assets/Scenes/SampleScene.unity
  artifactKey: Guid(2cda990e2423bbf4892e6590ba056729) Importer(815301076,1909f56bfc062723c751e8b465ee728b)
Start importing Assets/Scenes/SampleScene.unity using Guid(2cda990e2423bbf4892e6590ba056729) Importer(815301076,1909f56bfc062723c751e8b465ee728b)  -> (artifact id: 'f5ef39151ab795a29358c389f4d6613a') in 0.012350 seconds 
========================================================================
Received Import Request.
  Time since last request: 7.547104 seconds.
  path: Assets/Scenes/Pacman.unity
  artifactKey: Guid(2cda990e2423bbf4892e6590ba056729) Importer(815301076,1909f56bfc062723c751e8b465ee728b)
Start importing Assets/Scenes/Pacman.unity using Guid(2cda990e2423bbf4892e6590ba056729) Importer(815301076,1909f56bfc062723c751e8b465ee728b)  -> (artifact id: '6393b3e047cf318a8cf7db38cd684c47') in 0.006585 seconds 
========================================================================
Received Import Request.
  Time since last request: 18.802804 seconds.
  path: ProjectSettings/TagManager.asset
  artifactKey: Guid(00000000000000003000000000000000) Importer(815301076,1909f56bfc062723c751e8b465ee728b)
Start importing ProjectSettings/TagManager.asset using Guid(00000000000000003000000000000000) Importer(815301076,1909f56bfc062723c751e8b465ee728b)  -> (artifact id: '2fddea6c81ff1bec1e2592361e1ead30') in 0.026449 seconds 
========================================================================
Received Import Request.
  Time since last request: 27.083836 seconds.
  path: Assets
  artifactKey: Guid(00000000000000001000000000000000) Importer(815301076,1909f56bfc062723c751e8b465ee728b)
Start importing Assets using Guid(00000000000000001000000000000000) Importer(815301076,1909f56bfc062723c751e8b465ee728b)  -> (artifact id: '68a4034d3d715da871e781da702f0bc5') in 0.006500 seconds 
========================================================================
Received Import Request.
  Time since last request: 4.905093 seconds.
  path: Assets/Scripts
  artifactKey: Guid(2afbde60887a54a40b3175b5b3433265) Importer(815301076,1909f56bfc062723c751e8b465ee728b)
Start importing Assets/Scripts using Guid(2afbde60887a54a40b3175b5b3433265) Importer(815301076,1909f56bfc062723c751e8b465ee728b)  -> (artifact id: '3498d3e77697d6e6686f8b2448a5b7c8') in 0.006518 seconds 
========================================================================
Received Import Request.
  Time since last request: 6.617248 seconds.
  path: Assets/Sprites
  artifactKey: Guid(af55d391f6eb0da4e87f3cd02ec0c6d7) Importer(815301076,1909f56bfc062723c751e8b465ee728b)
Start importing Assets/Sprites using Guid(af55d391f6eb0da4e87f3cd02ec0c6d7) Importer(815301076,1909f56bfc062723c751e8b465ee728b)  -> (artifact id: 'd99f3afa17c590c4ea0fa6bf2202b648') in 0.006068 seconds 
========================================================================
Received Import Request.
  Time since last request: 5.965358 seconds.
  path: Assets/Tiles
  artifactKey: Guid(52b391a5267eab441a1ad1f0d5cb1794) Importer(815301076,1909f56bfc062723c751e8b465ee728b)
Start importing Assets/Tiles using Guid(52b391a5267eab441a1ad1f0d5cb1794) Importer(815301076,1909f56bfc062723c751e8b465ee728b)  -> (artifact id: 'fc1178ad9f857736ec2f17b82cf7f7e7') in 0.007088 seconds 
========================================================================
Received Import Request.
  Time since last request: 106.129531 seconds.
  path: Assets/Sprites/Fruit_Apple.png
  artifactKey: Guid(323434e5279f3e0498a2f7499c9bcf44) Importer(815301076,1909f56bfc062723c751e8b465ee728b)
Start importing Assets/Sprites/Fruit_Apple.png using Guid(323434e5279f3e0498a2f7499c9bcf44) Importer(815301076,1909f56bfc062723c751e8b465ee728b)  -> (artifact id: '5039bb9c68c9c09c3440a27256dda47e') in 0.066554 seconds 
========================================================================
Received Import Request.
  Time since last request: 0.000255 seconds.
  path: Assets/Sprites/Fruit_GalaxianStarship.png
  artifactKey: Guid(dec70d8a7dbe1c742946490515ac253d) Importer(815301076,1909f56bfc062723c751e8b465ee728b)
Start importing Assets/Sprites/Fruit_GalaxianStarship.png using Guid(dec70d8a7dbe1c742946490515ac253d) Importer(815301076,1909f56bfc062723c751e8b465ee728b)  -> (artifact id: '8b18f893d1040c140bee000f14222094') in 0.010431 seconds 
========================================================================
Received Import Request.
  Time since last request: 0.000277 seconds.
  path: Assets/Sprites/Fruit_Key.png
  artifactKey: Guid(5e3aed8a53cb2c148889cc5ec3a3463a) Importer(815301076,1909f56bfc062723c751e8b465ee728b)
Start importing Assets/Sprites/Fruit_Key.png using Guid(5e3aed8a53cb2c148889cc5ec3a3463a) Importer(815301076,1909f56bfc062723c751e8b465ee728b)  -> (artifact id: '7f9cf013a3f716eb487d1c0949af57b3') in 0.019010 seconds 
========================================================================
Received Import Request.
  Time since last request: 0.000248 seconds.
  path: Assets/Sprites/Fruit_Bell.png
  artifactKey: Guid(417e66b7f5579d0458ad1586b3f3da56) Importer(815301076,1909f56bfc062723c751e8b465ee728b)
Start importing Assets/Sprites/Fruit_Bell.png using Guid(417e66b7f5579d0458ad1586b3f3da56) Importer(815301076,1909f56bfc062723c751e8b465ee728b)  -> (artifact id: '1990aeede6e44a2ef54f552b30fe4bf3') in 0.013822 seconds 
========================================================================
Received Import Request.
  Time since last request: 0.000242 seconds.
  path: Assets/Sprites/Ghost_Eyes_Left.png
  artifactKey: Guid(ec3efa284f3c7ac4aa4662a68dfa6b02) Importer(815301076,1909f56bfc062723c751e8b465ee728b)
Start importing Assets/Sprites/Ghost_Eyes_Left.png using Guid(ec3efa284f3c7ac4aa4662a68dfa6b02) Importer(815301076,1909f56bfc062723c751e8b465ee728b)  -> (artifact id: '74d5b47f1306efcf63b9545975de6719') in 0.013855 seconds 
========================================================================
Received Import Request.
  Time since last request: 0.000233 seconds.
  path: Assets/Sprites/Ghost_Body_01.png
  artifactKey: Guid(e757eb963d0d2404abad83a8b033f58e) Importer(815301076,1909f56bfc062723c751e8b465ee728b)
Start importing Assets/Sprites/Ghost_Body_01.png using Guid(e757eb963d0d2404abad83a8b033f58e) Importer(815301076,1909f56bfc062723c751e8b465ee728b)  -> (artifact id: '9df8568e5fb7932f772a7ee26b5a893f') in 0.010240 seconds 
========================================================================
Received Import Request.
  Time since last request: 0.000239 seconds.
  path: Assets/Sprites/Fruit_Cherry.png
  artifactKey: Guid(37482f04217c87143ad195d9187efa6d) Importer(815301076,1909f56bfc062723c751e8b465ee728b)
Start importing Assets/Sprites/Fruit_Cherry.png using Guid(37482f04217c87143ad195d9187efa6d) Importer(815301076,1909f56bfc062723c751e8b465ee728b)  -> (artifact id: 'efb39b0fd04e243630fd21ba92a1c099') in 0.014103 seconds 
========================================================================
Received Import Request.
  Time since last request: 0.000257 seconds.
  path: Assets/Sprites/Ghost_Eyes_Down.png
  artifactKey: Guid(d38a54087e0b2d14290d31cc88be045a) Importer(815301076,1909f56bfc062723c751e8b465ee728b)
Start importing Assets/Sprites/Ghost_Eyes_Down.png using Guid(d38a54087e0b2d14290d31cc88be045a) Importer(815301076,1909f56bfc062723c751e8b465ee728b)  -> (artifact id: '5aa122e2acc2b44472be6669454336a7') in 0.012375 seconds 
========================================================================
Received Import Request.
  Time since last request: 0.000272 seconds.
  path: Assets/Sprites/Ghost_Body_02.png
  artifactKey: Guid(082885fdbd4fa5f4dba0eb8f12635af5) Importer(815301076,1909f56bfc062723c751e8b465ee728b)
Start importing Assets/Sprites/Ghost_Body_02.png using Guid(082885fdbd4fa5f4dba0eb8f12635af5) Importer(815301076,1909f56bfc062723c751e8b465ee728b)  -> (artifact id: '4eb6d299d438e9751f5a68704936f269') in 0.012482 seconds 
========================================================================
Received Import Request.
  Time since last request: 0.000267 seconds.
  path: Assets/Sprites/Fruit_Orange.png
  artifactKey: Guid(e396c2a55d7593e418a4d68c4647cdd5) Importer(815301076,1909f56bfc062723c751e8b465ee728b)
Start importing Assets/Sprites/Fruit_Orange.png using Guid(e396c2a55d7593e418a4d68c4647cdd5) Importer(815301076,1909f56bfc062723c751e8b465ee728b)  -> (artifact id: '4faca3c0cf8340146df9a4d5d5451d2a') in 0.011126 seconds 
========================================================================
Received Import Request.
  Time since last request: 0.000275 seconds.
  path: Assets/Sprites/Fruit_Melon.png
  artifactKey: Guid(d45a88094d301bc4c9e6278f5a3782da) Importer(815301076,1909f56bfc062723c751e8b465ee728b)
Start importing Assets/Sprites/Fruit_Melon.png using Guid(d45a88094d301bc4c9e6278f5a3782da) Importer(815301076,1909f56bfc062723c751e8b465ee728b)  -> (artifact id: 'd031493de725d4de69090116ce0f24bb') in 0.020410 seconds 
========================================================================
Received Import Request.
  Time since last request: 0.000204 seconds.
  path: Assets/Sprites/Fruit_Strawberry.png
  artifactKey: Guid(f5f5c4522cc2c5146abd27eb48c78b15) Importer(815301076,1909f56bfc062723c751e8b465ee728b)
Start importing Assets/Sprites/Fruit_Strawberry.png using Guid(f5f5c4522cc2c5146abd27eb48c78b15) Importer(815301076,1909f56bfc062723c751e8b465ee728b)  -> (artifact id: '651c1b3aa6ca9175be6d2b7a1a1e4856') in 0.014520 seconds 
========================================================================
Received Import Request.
  Time since last request: 0.000231 seconds.
  path: Assets/Sprites/Ghost_Eyes_Right.png
  artifactKey: Guid(19539c4267f927b40bf559729fa064f5) Importer(815301076,1909f56bfc062723c751e8b465ee728b)
Start importing Assets/Sprites/Ghost_Eyes_Right.png using Guid(19539c4267f927b40bf559729fa064f5) Importer(815301076,1909f56bfc062723c751e8b465ee728b)  -> (artifact id: '919069789157d8f2f6aad04c9afd2590') in 0.010744 seconds 
========================================================================
Received Import Request.
  Time since last request: 3.688168 seconds.
  path: Assets/Sprites/Ghost_Eyes_Up.png
  artifactKey: Guid(8156fa56a8ca0bb48908497d69673abf) Importer(815301076,1909f56bfc062723c751e8b465ee728b)
Start importing Assets/Sprites/Ghost_Eyes_Up.png using Guid(8156fa56a8ca0bb48908497d69673abf) Importer(815301076,1909f56bfc062723c751e8b465ee728b)  -> (artifact id: 'f1986dda37ac11d2ea1a7d740f28738e') in 0.009754 seconds 
========================================================================
Received Import Request.
  Time since last request: 0.000249 seconds.
  path: Assets/Sprites/Ghost_Vulnerable_Blue_02.png
  artifactKey: Guid(668f4aea8bdbae444871e184b9870905) Importer(815301076,1909f56bfc062723c751e8b465ee728b)
Start importing Assets/Sprites/Ghost_Vulnerable_Blue_02.png using Guid(668f4aea8bdbae444871e184b9870905) Importer(815301076,1909f56bfc062723c751e8b465ee728b)  -> (artifact id: 'f7e4348b861fe9eb86590a8df84482c5') in 0.010629 seconds 
========================================================================
Received Import Request.
  Time since last request: 0.000244 seconds.
  path: Assets/Sprites/Ghost_Vulnerable_Blue_01.png
  artifactKey: Guid(404309ad630649842895cee05b3c16a1) Importer(815301076,1909f56bfc062723c751e8b465ee728b)
Start importing Assets/Sprites/Ghost_Vulnerable_Blue_01.png using Guid(404309ad630649842895cee05b3c16a1) Importer(815301076,1909f56bfc062723c751e8b465ee728b)  -> (artifact id: 'eefb5cc2d2575b2291f2bbc1290719e7') in 0.011647 seconds 
========================================================================
Received Import Request.
  Time since last request: 0.000209 seconds.
  path: Assets/Sprites/Pacman_01.png
  artifactKey: Guid(8b9d8d2a17c99af418cb587827f5c377) Importer(815301076,1909f56bfc062723c751e8b465ee728b)
Start importing Assets/Sprites/Pacman_01.png using Guid(8b9d8d2a17c99af418cb587827f5c377) Importer(815301076,1909f56bfc062723c751e8b465ee728b)  -> (artifact id: 'aa4f03e02a28a8cbbebdf9442021c059') in 0.011558 seconds 
========================================================================
Received Import Request.
  Time since last request: 0.000210 seconds.
  path: Assets/Sprites/Pacman_Death_03.png
  artifactKey: Guid(bd06275248f773d4ca67afe21b154f10) Importer(815301076,1909f56bfc062723c751e8b465ee728b)
Start importing Assets/Sprites/Pacman_Death_03.png using Guid(bd06275248f773d4ca67afe21b154f10) Importer(815301076,1909f56bfc062723c751e8b465ee728b)  -> (artifact id: '5d028d2ddb56129e59f5c05e8f15052b') in 0.010637 seconds 
========================================================================
Received Import Request.
  Time since last request: 0.000217 seconds.
  path: Assets/Sprites/Pacman_03.png
  artifactKey: Guid(bb00198c1fcbb9e4c8c220a19d984c5b) Importer(815301076,1909f56bfc062723c751e8b465ee728b)
Start importing Assets/Sprites/Pacman_03.png using Guid(bb00198c1fcbb9e4c8c220a19d984c5b) Importer(815301076,1909f56bfc062723c751e8b465ee728b)  -> (artifact id: 'c57ace531c1fcbb656b95562693d1384') in 0.009879 seconds 
========================================================================
Received Import Request.
  Time since last request: 0.000195 seconds.
  path: Assets/Sprites/Node.png
  artifactKey: Guid(cceedb057749b1b4392e7193f86046bb) Importer(815301076,1909f56bfc062723c751e8b465ee728b)
Start importing Assets/Sprites/Node.png using Guid(cceedb057749b1b4392e7193f86046bb) Importer(815301076,1909f56bfc062723c751e8b465ee728b)  -> (artifact id: 'beb82fb756eb83a8d012977cd7d976ad') in 0.012056 seconds 
========================================================================
Received Import Request.
  Time since last request: 0.000216 seconds.
  path: Assets/Sprites/Pacman_Death_01.png
  artifactKey: Guid(19e3bac7b58c89742a1a3bba1e7f7346) Importer(815301076,1909f56bfc062723c751e8b465ee728b)
Start importing Assets/Sprites/Pacman_Death_01.png using Guid(19e3bac7b58c89742a1a3bba1e7f7346) Importer(815301076,1909f56bfc062723c751e8b465ee728b)  -> (artifact id: 'c734dc484de5dc2e5e0f144c42844e8f') in 0.011352 seconds 
========================================================================
Received Import Request.
  Time since last request: 0.000308 seconds.
  path: Assets/Sprites/Pacman_Death_02.png
  artifactKey: Guid(d39c97092982d544bb8b63968304d03c) Importer(815301076,1909f56bfc062723c751e8b465ee728b)
Start importing Assets/Sprites/Pacman_Death_02.png using Guid(d39c97092982d544bb8b63968304d03c) Importer(815301076,1909f56bfc062723c751e8b465ee728b)  -> (artifact id: '525c05309be8cc50c5f56b85f57a8ebf') in 0.014838 seconds 
========================================================================
Received Import Request.
  Time since last request: 0.000283 seconds.
  path: Assets/Sprites/Pacman_02.png
  artifactKey: Guid(100cd76238c88cb43a34c87935d143c0) Importer(815301076,1909f56bfc062723c751e8b465ee728b)
Start importing Assets/Sprites/Pacman_02.png using Guid(100cd76238c88cb43a34c87935d143c0) Importer(815301076,1909f56bfc062723c751e8b465ee728b)  -> (artifact id: 'b0bf6d1fe89966bc5e25bdf4ec6ff5d0') in 0.010303 seconds 
========================================================================
Received Import Request.
  Time since last request: 0.000245 seconds.
  path: Assets/Sprites/Ghost_Vulnerable_White_01.png
  artifactKey: Guid(a7b52db9215cd4a4e8658f4919f319f6) Importer(815301076,1909f56bfc062723c751e8b465ee728b)
Start importing Assets/Sprites/Ghost_Vulnerable_White_01.png using Guid(a7b52db9215cd4a4e8658f4919f319f6) Importer(815301076,1909f56bfc062723c751e8b465ee728b)  -> (artifact id: '6b97f52aaf04a8269cf00ca6b3182401') in 0.012898 seconds 
========================================================================
Received Import Request.
  Time since last request: 0.000183 seconds.
  path: Assets/Sprites/Ghost_Vulnerable_White_02.png
  artifactKey: Guid(cd9e56fa57fabba4a941b0078e313f60) Importer(815301076,1909f56bfc062723c751e8b465ee728b)
Start importing Assets/Sprites/Ghost_Vulnerable_White_02.png using Guid(cd9e56fa57fabba4a941b0078e313f60) Importer(815301076,1909f56bfc062723c751e8b465ee728b)  -> (artifact id: '90cd82946cc9f533820b1afbf5821c96') in 0.009484 seconds 
========================================================================
Received Import Request.
  Time since last request: 0.140926 seconds.
  path: Assets/Sprites/Pacman_Death_04.png
  artifactKey: Guid(9765923cd0ba97343b9e409cc9d6a961) Importer(815301076,1909f56bfc062723c751e8b465ee728b)
Start importing Assets/Sprites/Pacman_Death_04.png using Guid(9765923cd0ba97343b9e409cc9d6a961) Importer(815301076,1909f56bfc062723c751e8b465ee728b)  -> (artifact id: '1eb9b985660aa8af833afcb4ae47ca19') in 0.010208 seconds 
========================================================================
Received Import Request.
  Time since last request: 0.000214 seconds.
  path: Assets/Sprites/Pacman_Death_07.png
  artifactKey: Guid(66463a6f9c35d83458a77ff47978eba9) Importer(815301076,1909f56bfc062723c751e8b465ee728b)
Start importing Assets/Sprites/Pacman_Death_07.png using Guid(66463a6f9c35d83458a77ff47978eba9) Importer(815301076,1909f56bfc062723c751e8b465ee728b)  -> (artifact id: 'a450dd580373032fa2e10752fc1c8120') in 0.010121 seconds 
========================================================================
Received Import Request.
  Time since last request: 0.000278 seconds.
  path: Assets/Sprites/Pacman_Death_05.png
  artifactKey: Guid(dbb178ae114d28a45a25da1584a58bca) Importer(815301076,1909f56bfc062723c751e8b465ee728b)
Start importing Assets/Sprites/Pacman_Death_05.png using Guid(dbb178ae114d28a45a25da1584a58bca) Importer(815301076,1909f56bfc062723c751e8b465ee728b)  -> (artifact id: '078a599a28a9ce6256b205d2e1009cee') in 0.009317 seconds 
========================================================================
Received Import Request.
  Time since last request: 0.000204 seconds.
  path: Assets/Sprites/Pacman_Death_06.png
  artifactKey: Guid(cf48ac410db68b84795ee8380326ae72) Importer(815301076,1909f56bfc062723c751e8b465ee728b)
Start importing Assets/Sprites/Pacman_Death_06.png using Guid(cf48ac410db68b84795ee8380326ae72) Importer(815301076,1909f56bfc062723c751e8b465ee728b)  -> (artifact id: '78d514a227fe0c1c7f3f75d7b27558f4') in 0.009930 seconds 
========================================================================
Received Import Request.
  Time since last request: 0.000227 seconds.
  path: Assets/Sprites/Pacman_Death_08.png
  artifactKey: Guid(dc9823c5baeda714cbd57c4419553b23) Importer(815301076,1909f56bfc062723c751e8b465ee728b)
Start importing Assets/Sprites/Pacman_Death_08.png using Guid(dc9823c5baeda714cbd57c4419553b23) Importer(815301076,1909f56bfc062723c751e8b465ee728b)  -> (artifact id: '26dc36d53d2789ea9da35994a8dd9c70') in 0.012107 seconds 
========================================================================
Received Import Request.
  Time since last request: 0.000190 seconds.
  path: Assets/Sprites/Wall_00.png
  artifactKey: Guid(990886db61ff80d49b7addbf9af0be6c) Importer(815301076,1909f56bfc062723c751e8b465ee728b)
Start importing Assets/Sprites/Wall_00.png using Guid(990886db61ff80d49b7addbf9af0be6c) Importer(815301076,1909f56bfc062723c751e8b465ee728b)  -> (artifact id: 'c602367f2dc2c311a81ef1cbde7676f6') in 0.009997 seconds 
========================================================================
Received Import Request.
  Time since last request: 0.000237 seconds.
  path: Assets/Sprites/Pacman_Death_11.png
  artifactKey: Guid(579f8597255799844b5d2d89855c26d4) Importer(815301076,1909f56bfc062723c751e8b465ee728b)
Start importing Assets/Sprites/Pacman_Death_11.png using Guid(579f8597255799844b5d2d89855c26d4) Importer(815301076,1909f56bfc062723c751e8b465ee728b)  -> (artifact id: 'ad091821a34ab6194ff1251d7171bb63') in 0.010714 seconds 
========================================================================
Received Import Request.
  Time since last request: 0.000260 seconds.
  path: Assets/Sprites/Wall_01.png
  artifactKey: Guid(aeb6c9a1706b9954796f239acb2d5df1) Importer(815301076,1909f56bfc062723c751e8b465ee728b)
Start importing Assets/Sprites/Wall_01.png using Guid(aeb6c9a1706b9954796f239acb2d5df1) Importer(815301076,1909f56bfc062723c751e8b465ee728b)  -> (artifact id: '2dcf7dd20caa7eb1e5a746e14c552a57') in 0.009110 seconds 
========================================================================
Received Import Request.
  Time since last request: 0.000264 seconds.
  path: Assets/Sprites/Wall_02.png
  artifactKey: Guid(1666592e6b1c5ef418efff9e293af368) Importer(815301076,1909f56bfc062723c751e8b465ee728b)
Start importing Assets/Sprites/Wall_02.png using Guid(1666592e6b1c5ef418efff9e293af368) Importer(815301076,1909f56bfc062723c751e8b465ee728b)  -> (artifact id: '8247c5e523439e1906b06006daec2b8a') in 0.009857 seconds 
========================================================================
Received Import Request.
  Time since last request: 0.000265 seconds.
  path: Assets/Sprites/Pellet_Medium.png
  artifactKey: Guid(3eef1c7fee2f8be43925317b2c6d47de) Importer(815301076,1909f56bfc062723c751e8b465ee728b)
Start importing Assets/Sprites/Pellet_Medium.png using Guid(3eef1c7fee2f8be43925317b2c6d47de) Importer(815301076,1909f56bfc062723c751e8b465ee728b)  -> (artifact id: '32ecfb33240b41d6a2ad3fa135b4fd83') in 0.009810 seconds 
========================================================================
Received Import Request.
  Time since last request: 0.000220 seconds.
  path: Assets/Sprites/Pellet_Large.png
  artifactKey: Guid(6df5dbb810882584384be01a355f2219) Importer(815301076,1909f56bfc062723c751e8b465ee728b)
Start importing Assets/Sprites/Pellet_Large.png using Guid(6df5dbb810882584384be01a355f2219) Importer(815301076,1909f56bfc062723c751e8b465ee728b)  -> (artifact id: '59e7048f4722b2f8bfa73a68ceb10cd5') in 0.015145 seconds 
========================================================================
Received Import Request.
  Time since last request: 0.000173 seconds.
  path: Assets/Sprites/Pacman_Death_09.png
  artifactKey: Guid(216a413e3f77f1943be996e4f81570f3) Importer(815301076,1909f56bfc062723c751e8b465ee728b)
Start importing Assets/Sprites/Pacman_Death_09.png using Guid(216a413e3f77f1943be996e4f81570f3) Importer(815301076,1909f56bfc062723c751e8b465ee728b)  -> (artifact id: '3704124ffbf67496a681aaba9e007e54') in 0.010231 seconds 
========================================================================
Received Import Request.
  Time since last request: 0.000238 seconds.
  path: Assets/Sprites/Wall_03.png
  artifactKey: Guid(f167b751c0df5c84c8385b8ec59733dd) Importer(815301076,1909f56bfc062723c751e8b465ee728b)
Start importing Assets/Sprites/Wall_03.png using Guid(f167b751c0df5c84c8385b8ec59733dd) Importer(815301076,1909f56bfc062723c751e8b465ee728b)  -> (artifact id: 'd91017f199ff3b39282c26759d490b9e') in 0.009550 seconds 
========================================================================
Received Import Request.
  Time since last request: 0.000185 seconds.
  path: Assets/Sprites/Pacman_Death_10.png
  artifactKey: Guid(a96e6056a970bcd49b0597c3e48d270b) Importer(815301076,1909f56bfc062723c751e8b465ee728b)
Start importing Assets/Sprites/Pacman_Death_10.png using Guid(a96e6056a970bcd49b0597c3e48d270b) Importer(815301076,1909f56bfc062723c751e8b465ee728b)  -> (artifact id: 'f5cf0b3519109a23730f49a54172bed5') in 0.010530 seconds 
========================================================================
Received Import Request.
  Time since last request: 0.000203 seconds.
  path: Assets/Sprites/Wall_04.png
  artifactKey: Guid(2a3d78bef8319d140a5a739a7f95965c) Importer(815301076,1909f56bfc062723c751e8b465ee728b)
Start importing Assets/Sprites/Wall_04.png using Guid(2a3d78bef8319d140a5a739a7f95965c) Importer(815301076,1909f56bfc062723c751e8b465ee728b)  -> (artifact id: '81e291255a1537787c71b2847b15d4f9') in 0.010591 seconds 
========================================================================
Received Import Request.
  Time since last request: 0.000198 seconds.
  path: Assets/Sprites/Pellet_Small.png
  artifactKey: Guid(53443f2aefabad045b3dda9ee5be40c9) Importer(815301076,1909f56bfc062723c751e8b465ee728b)
Start importing Assets/Sprites/Pellet_Small.png using Guid(53443f2aefabad045b3dda9ee5be40c9) Importer(815301076,1909f56bfc062723c751e8b465ee728b)  -> (artifact id: '5f3678c7a83820f79b2c8ae626d44714') in 0.009540 seconds 
========================================================================
Received Import Request.
  Time since last request: 0.078534 seconds.
  path: Assets/Sprites/Wall_05.png
  artifactKey: Guid(04208c4aab833a6429a52621a88a4d75) Importer(815301076,1909f56bfc062723c751e8b465ee728b)
Start importing Assets/Sprites/Wall_05.png using Guid(04208c4aab833a6429a52621a88a4d75) Importer(815301076,1909f56bfc062723c751e8b465ee728b)  -> (artifact id: '114c14dde41d398d67f416ba4f0db5d0') in 0.008803 seconds 
========================================================================
Received Import Request.
  Time since last request: 0.000284 seconds.
  path: Assets/Sprites/Wall_07.png
  artifactKey: Guid(19a9a2660c3cb454f8ad69b00d4c6913) Importer(815301076,1909f56bfc062723c751e8b465ee728b)
Start importing Assets/Sprites/Wall_07.png using Guid(19a9a2660c3cb454f8ad69b00d4c6913) Importer(815301076,1909f56bfc062723c751e8b465ee728b)  -> (artifact id: '9c1fce73d12e43e4521b534147830a7e') in 0.008793 seconds 
========================================================================
Received Import Request.
  Time since last request: 0.000261 seconds.
  path: Assets/Sprites/Wall_09.png
  artifactKey: Guid(be9e7073f02f0e944b69095ec1ecf9b7) Importer(815301076,1909f56bfc062723c751e8b465ee728b)
Start importing Assets/Sprites/Wall_09.png using Guid(be9e7073f02f0e944b69095ec1ecf9b7) Importer(815301076,1909f56bfc062723c751e8b465ee728b)  -> (artifact id: 'bd90f8855e81dd973c5c6e394b4deece') in 0.010525 seconds 
========================================================================
Received Import Request.
  Time since last request: 0.000272 seconds.
  path: Assets/Sprites/Wall_10.png
  artifactKey: Guid(0a22e7042ab3c1b4b8380f6b439d0283) Importer(815301076,1909f56bfc062723c751e8b465ee728b)
Start importing Assets/Sprites/Wall_10.png using Guid(0a22e7042ab3c1b4b8380f6b439d0283) Importer(815301076,1909f56bfc062723c751e8b465ee728b)  -> (artifact id: '8e62ac5874f39bb611d88445b1c4f9c0') in 0.009771 seconds 
========================================================================
Received Import Request.
  Time since last request: 0.000225 seconds.
  path: Assets/Sprites/Wall_15.png
  artifactKey: Guid(87855413d05b29c439e719b1c72929e2) Importer(815301076,1909f56bfc062723c751e8b465ee728b)
Start importing Assets/Sprites/Wall_15.png using Guid(87855413d05b29c439e719b1c72929e2) Importer(815301076,1909f56bfc062723c751e8b465ee728b)  -> (artifact id: '24ca4a60c816834234c429ff8e62311f') in 0.009855 seconds 
========================================================================
Received Import Request.
  Time since last request: 0.000198 seconds.
  path: Assets/Sprites/Wall_13.png
  artifactKey: Guid(82cbafdaad537b844a42ff7b67613bc9) Importer(815301076,1909f56bfc062723c751e8b465ee728b)
Start importing Assets/Sprites/Wall_13.png using Guid(82cbafdaad537b844a42ff7b67613bc9) Importer(815301076,1909f56bfc062723c751e8b465ee728b)  -> (artifact id: '6ce866b651520c45c6db1961fb27cb64') in 0.009417 seconds 
========================================================================
Received Import Request.
  Time since last request: 0.000205 seconds.
  path: Assets/Sprites/Wall_17.png
  artifactKey: Guid(8256904cf5a5ad04782570c3a1156e66) Importer(815301076,1909f56bfc062723c751e8b465ee728b)
Start importing Assets/Sprites/Wall_17.png using Guid(8256904cf5a5ad04782570c3a1156e66) Importer(815301076,1909f56bfc062723c751e8b465ee728b)  -> (artifact id: 'b839653ef862bbdddedf4c566ceb64c3') in 0.009805 seconds 
========================================================================
Received Import Request.
  Time since last request: 0.000297 seconds.
  path: Assets/Sprites/Wall_06.png
  artifactKey: Guid(45a23bd3d38313b4c89262ecd2913708) Importer(815301076,1909f56bfc062723c751e8b465ee728b)
Start importing Assets/Sprites/Wall_06.png using Guid(45a23bd3d38313b4c89262ecd2913708) Importer(815301076,1909f56bfc062723c751e8b465ee728b)  -> (artifact id: '3013d9de103e7190abfcb03700e5df84') in 0.011370 seconds 
========================================================================
Received Import Request.
  Time since last request: 0.000219 seconds.
  path: Assets/Sprites/Wall_12.png
  artifactKey: Guid(f96639468af0ba24684c0ab556d3b031) Importer(815301076,1909f56bfc062723c751e8b465ee728b)
Start importing Assets/Sprites/Wall_12.png using Guid(f96639468af0ba24684c0ab556d3b031) Importer(815301076,1909f56bfc062723c751e8b465ee728b)  -> (artifact id: '3757c3cee70000e44891200106346904') in 0.010123 seconds 
========================================================================
Received Import Request.
  Time since last request: 0.000282 seconds.
  path: Assets/Sprites/Wall_19.png
  artifactKey: Guid(2e1dcc0c33fb1524db74eeaffe504f5e) Importer(815301076,1909f56bfc062723c751e8b465ee728b)
Start importing Assets/Sprites/Wall_19.png using Guid(2e1dcc0c33fb1524db74eeaffe504f5e) Importer(815301076,1909f56bfc062723c751e8b465ee728b)  -> (artifact id: 'c7679bff71301909ded26b5b2ba55f11') in 0.009664 seconds 
========================================================================
Received Import Request.
  Time since last request: 0.000282 seconds.
  path: Assets/Sprites/Wall_18.png
  artifactKey: Guid(c1cff214df4278342964ab723f142622) Importer(815301076,1909f56bfc062723c751e8b465ee728b)
Start importing Assets/Sprites/Wall_18.png using Guid(c1cff214df4278342964ab723f142622) Importer(815301076,1909f56bfc062723c751e8b465ee728b)  -> (artifact id: '82868c69e5e6dcaeedd230da4b112238') in 0.009111 seconds 
========================================================================
Received Import Request.
  Time since last request: 0.000224 seconds.
  path: Assets/Sprites/Wall_14.png
  artifactKey: Guid(f37a64cc77901004aa5e290bf701fe88) Importer(815301076,1909f56bfc062723c751e8b465ee728b)
Start importing Assets/Sprites/Wall_14.png using Guid(f37a64cc77901004aa5e290bf701fe88) Importer(815301076,1909f56bfc062723c751e8b465ee728b)  -> (artifact id: 'a8dd28f7a9180dd3a0a8535630cde29a') in 0.009633 seconds 
========================================================================
Received Import Request.
  Time since last request: 0.000265 seconds.
  path: Assets/Sprites/Wall_08.png
  artifactKey: Guid(5c3d9e987b3af1a4d9594464447bb5ec) Importer(815301076,1909f56bfc062723c751e8b465ee728b)
Start importing Assets/Sprites/Wall_08.png using Guid(5c3d9e987b3af1a4d9594464447bb5ec) Importer(815301076,1909f56bfc062723c751e8b465ee728b)  -> (artifact id: 'def7b6c56efbe1a1b47898b415076943') in 0.010035 seconds 
========================================================================
Received Import Request.
  Time since last request: 0.000249 seconds.
  path: Assets/Sprites/Wall_11.png
  artifactKey: Guid(cbd9dca9670758145834eee914632352) Importer(815301076,1909f56bfc062723c751e8b465ee728b)
Start importing Assets/Sprites/Wall_11.png using Guid(cbd9dca9670758145834eee914632352) Importer(815301076,1909f56bfc062723c751e8b465ee728b)  -> (artifact id: '9f9dd73e95ea212d6b13039b48cdcec3') in 0.009938 seconds 
========================================================================
Received Import Request.
  Time since last request: 0.000192 seconds.
  path: Assets/Sprites/Wall_16.png
  artifactKey: Guid(90bbfcc5f8997b84fbae8a86b7c4db37) Importer(815301076,1909f56bfc062723c751e8b465ee728b)
Start importing Assets/Sprites/Wall_16.png using Guid(90bbfcc5f8997b84fbae8a86b7c4db37) Importer(815301076,1909f56bfc062723c751e8b465ee728b)  -> (artifact id: '37ffd54f67365ad28202bb3ce222880f') in 0.009926 seconds 
========================================================================
Received Import Request.
  Time since last request: 0.000256 seconds.
  path: Assets/Sprites/Wall_20.png
  artifactKey: Guid(684f519cb58544a46a2f155d5ee4ff6a) Importer(815301076,1909f56bfc062723c751e8b465ee728b)
Start importing Assets/Sprites/Wall_20.png using Guid(684f519cb58544a46a2f155d5ee4ff6a) Importer(815301076,1909f56bfc062723c751e8b465ee728b)  -> (artifact id: 'f96d1be25c13658c0f8f00f39631fc0d') in 0.010318 seconds 
========================================================================
Received Import Request.
  Time since last request: 0.083780 seconds.
  path: Assets/Sprites/Wall_21.png
  artifactKey: Guid(2f7f3beedeae95a40a9a77665df663a4) Importer(815301076,1909f56bfc062723c751e8b465ee728b)
Start importing Assets/Sprites/Wall_21.png using Guid(2f7f3beedeae95a40a9a77665df663a4) Importer(815301076,1909f56bfc062723c751e8b465ee728b)  -> (artifact id: 'c0fa7ff45c2fc0b759179c0fd2f12770') in 0.009463 seconds 
========================================================================
Received Import Request.
  Time since last request: 0.000248 seconds.
  path: Assets/Sprites/Wall_22.png
  artifactKey: Guid(53b416e686d1f5c4b8ed3e4ac6c8e722) Importer(815301076,1909f56bfc062723c751e8b465ee728b)
Start importing Assets/Sprites/Wall_22.png using Guid(53b416e686d1f5c4b8ed3e4ac6c8e722) Importer(815301076,1909f56bfc062723c751e8b465ee728b)  -> (artifact id: '25d34065efd775bf96bacca2fdfe965b') in 0.009425 seconds 
========================================================================
Received Import Request.
  Time since last request: 0.000241 seconds.
  path: Assets/Sprites/Wall_24.png
  artifactKey: Guid(ba8bd0abc2f6f7c4da7464ef5ff3d915) Importer(815301076,1909f56bfc062723c751e8b465ee728b)
Start importing Assets/Sprites/Wall_24.png using Guid(ba8bd0abc2f6f7c4da7464ef5ff3d915) Importer(815301076,1909f56bfc062723c751e8b465ee728b)  -> (artifact id: '63556b3e3466b6c800ccc81a445d8d87') in 0.009652 seconds 
========================================================================
Received Import Request.
  Time since last request: 0.000153 seconds.
  path: Assets/Sprites/Wall_23.png
  artifactKey: Guid(981d3389063874f49bcb35e9c4f34b75) Importer(815301076,1909f56bfc062723c751e8b465ee728b)
Start importing Assets/Sprites/Wall_23.png using Guid(981d3389063874f49bcb35e9c4f34b75) Importer(815301076,1909f56bfc062723c751e8b465ee728b)  -> (artifact id: '5c1119677c2c8d7470a604af90a6ef2e') in 0.011083 seconds 
========================================================================
Received Import Request.
  Time since last request: 0.000279 seconds.
  path: Assets/Sprites/Wall_32.png
  artifactKey: Guid(7d74fd38fde7d5b48805af81fcc674e9) Importer(815301076,1909f56bfc062723c751e8b465ee728b)
Start importing Assets/Sprites/Wall_32.png using Guid(7d74fd38fde7d5b48805af81fcc674e9) Importer(815301076,1909f56bfc062723c751e8b465ee728b)  -> (artifact id: 'a8c9baa18267d4e7b1b2d24a4d702c82') in 0.012671 seconds 
========================================================================
Received Import Request.
  Time since last request: 0.000272 seconds.
  path: Assets/Sprites/Wall_31.png
  artifactKey: Guid(b7c8dc6952416944ba07e97f0fdb3c37) Importer(815301076,1909f56bfc062723c751e8b465ee728b)
Start importing Assets/Sprites/Wall_31.png using Guid(b7c8dc6952416944ba07e97f0fdb3c37) Importer(815301076,1909f56bfc062723c751e8b465ee728b)  -> (artifact id: '6d79576b4c792f898c9d7a66f7c7f550') in 0.009592 seconds 
========================================================================
Received Import Request.
  Time since last request: 0.000252 seconds.
  path: Assets/Sprites/Wall_26.png
  artifactKey: Guid(3c1c4ee46f3ee8849a1df8862f3845f0) Importer(815301076,1909f56bfc062723c751e8b465ee728b)
Start importing Assets/Sprites/Wall_26.png using Guid(3c1c4ee46f3ee8849a1df8862f3845f0) Importer(815301076,1909f56bfc062723c751e8b465ee728b)  -> (artifact id: 'b7d4715736d819711d4483301b19a45b') in 0.010081 seconds 
========================================================================
Received Import Request.
  Time since last request: 0.000208 seconds.
  path: Assets/Sprites/Wall_28.png
  artifactKey: Guid(3a8df66ee1442ee40859c8af52077aae) Importer(815301076,1909f56bfc062723c751e8b465ee728b)
Start importing Assets/Sprites/Wall_28.png using Guid(3a8df66ee1442ee40859c8af52077aae) Importer(815301076,1909f56bfc062723c751e8b465ee728b)  -> (artifact id: 'a50acde424d5a152a14b5ef39c36c635') in 0.010285 seconds 
========================================================================
Received Import Request.
  Time since last request: 0.000279 seconds.
  path: Assets/Sprites/Wall_29.png
  artifactKey: Guid(dd15821b5d07f1443a1affd199683861) Importer(815301076,1909f56bfc062723c751e8b465ee728b)
Start importing Assets/Sprites/Wall_29.png using Guid(dd15821b5d07f1443a1affd199683861) Importer(815301076,1909f56bfc062723c751e8b465ee728b)  -> (artifact id: '0393bc81e320f160b4a2af74b8f19187') in 0.009355 seconds 
========================================================================
Received Import Request.
  Time since last request: 0.000279 seconds.
  path: Assets/Sprites/Wall_27.png
  artifactKey: Guid(16e45a6228ed2584ea86b96ac5630aa4) Importer(815301076,1909f56bfc062723c751e8b465ee728b)
Start importing Assets/Sprites/Wall_27.png using Guid(16e45a6228ed2584ea86b96ac5630aa4) Importer(815301076,1909f56bfc062723c751e8b465ee728b)  -> (artifact id: '3be95eaa78749882436f770f1f17f9d8') in 0.009084 seconds 
========================================================================
Received Import Request.
  Time since last request: 0.000209 seconds.
  path: Assets/Sprites/Wall_30.png
  artifactKey: Guid(c179945b0d96b0245aa41e005c763b9f) Importer(815301076,1909f56bfc062723c751e8b465ee728b)
Start importing Assets/Sprites/Wall_30.png using Guid(c179945b0d96b0245aa41e005c763b9f) Importer(815301076,1909f56bfc062723c751e8b465ee728b)  -> (artifact id: '0336f5b00eed9dd76ac05d6e95e838ed') in 0.010027 seconds 
========================================================================
Received Import Request.
  Time since last request: 0.000238 seconds.
  path: Assets/Sprites/Wall_25.png
  artifactKey: Guid(573f825df7d855d418f7b859d746f55d) Importer(815301076,1909f56bfc062723c751e8b465ee728b)
Start importing Assets/Sprites/Wall_25.png using Guid(573f825df7d855d418f7b859d746f55d) Importer(815301076,1909f56bfc062723c751e8b465ee728b)  -> (artifact id: 'a048a45d08b3f0c57e5d0b56ed821fb6') in 0.009806 seconds 
========================================================================
Received Import Request.
  Time since last request: 0.121803 seconds.
  path: Assets/Sprites/Wall_33.png
  artifactKey: Guid(f800c020a6a9c6c4fadb72e753a74465) Importer(815301076,1909f56bfc062723c751e8b465ee728b)
Start importing Assets/Sprites/Wall_33.png using Guid(f800c020a6a9c6c4fadb72e753a74465) Importer(815301076,1909f56bfc062723c751e8b465ee728b)  -> (artifact id: '152a5b9024728cde66fa7b7848b4c76d') in 0.009269 seconds 
========================================================================
Received Import Request.
  Time since last request: 0.000246 seconds.
  path: Assets/Sprites/Wall_35.png
  artifactKey: Guid(a1129a3ab96ec824bb0aa0cb14d80189) Importer(815301076,1909f56bfc062723c751e8b465ee728b)
Start importing Assets/Sprites/Wall_35.png using Guid(a1129a3ab96ec824bb0aa0cb14d80189) Importer(815301076,1909f56bfc062723c751e8b465ee728b)  -> (artifact id: '94fdbd592540ac818d85865efbc297f9') in 0.009043 seconds 
========================================================================
Received Import Request.
  Time since last request: 0.000296 seconds.
  path: Assets/Sprites/Wall_34.png
  artifactKey: Guid(01f070200042773408734a66b6a1d400) Importer(815301076,1909f56bfc062723c751e8b465ee728b)
Start importing Assets/Sprites/Wall_34.png using Guid(01f070200042773408734a66b6a1d400) Importer(815301076,1909f56bfc062723c751e8b465ee728b)  -> (artifact id: 'cc90da10f5154c3a0006ff6f38752e90') in 0.010041 seconds 
========================================================================
Received Import Request.
  Time since last request: 0.000265 seconds.
  path: Assets/Sprites/Wall_36.png
  artifactKey: Guid(583766ee7979aa447b907d839cf846cd) Importer(815301076,1909f56bfc062723c751e8b465ee728b)
Start importing Assets/Sprites/Wall_36.png using Guid(583766ee7979aa447b907d839cf846cd) Importer(815301076,1909f56bfc062723c751e8b465ee728b)  -> (artifact id: '808cffd3efb25c8e1962325224e3f0d5') in 0.009646 seconds 
========================================================================
Received Import Request.
  Time since last request: 0.000253 seconds.
  path: Assets/Sprites/Wall_37.png
  artifactKey: Guid(414389d20a64e754494bf77ba37368c5) Importer(815301076,1909f56bfc062723c751e8b465ee728b)
Start importing Assets/Sprites/Wall_37.png using Guid(414389d20a64e754494bf77ba37368c5) Importer(815301076,1909f56bfc062723c751e8b465ee728b)  -> (artifact id: '86ac73d25698fb6ca9f3c1407976bb5c') in 0.009433 seconds 
========================================================================
Received Import Request.
  Time since last request: 11.134943 seconds.
  path: Assets/Sprites/Wall_32.png
  artifactKey: Guid(7d74fd38fde7d5b48805af81fcc674e9) Importer(815301076,1909f56bfc062723c751e8b465ee728b)
Start importing Assets/Sprites/Wall_32.png using Guid(7d74fd38fde7d5b48805af81fcc674e9) Importer(815301076,1909f56bfc062723c751e8b465ee728b)  -> (artifact id: '066dbc853d253436df20ee21f83b9eb2') in 0.006293 seconds 
========================================================================
Received Import Request.
  Time since last request: 0.000208 seconds.
  path: Assets/Sprites/Wall_35.png
  artifactKey: Guid(a1129a3ab96ec824bb0aa0cb14d80189) Importer(815301076,1909f56bfc062723c751e8b465ee728b)
Start importing Assets/Sprites/Wall_35.png using Guid(a1129a3ab96ec824bb0aa0cb14d80189) Importer(815301076,1909f56bfc062723c751e8b465ee728b)  -> (artifact id: '3bc410a62f346cfa6f5e5925af367a5b') in 0.008542 seconds 
========================================================================
Received Import Request.
  Time since last request: 0.000241 seconds.
  path: Assets/Sprites/Wall_34.png
  artifactKey: Guid(01f070200042773408734a66b6a1d400) Importer(815301076,1909f56bfc062723c751e8b465ee728b)
Start importing Assets/Sprites/Wall_34.png using Guid(01f070200042773408734a66b6a1d400) Importer(815301076,1909f56bfc062723c751e8b465ee728b)  -> (artifact id: 'dcd81a37e40c974a2257a1c49583287c') in 0.006059 seconds 
========================================================================
Received Import Request.
  Time since last request: 0.000263 seconds.
  path: Assets/Sprites/Wall_36.png
  artifactKey: Guid(583766ee7979aa447b907d839cf846cd) Importer(815301076,1909f56bfc062723c751e8b465ee728b)
Start importing Assets/Sprites/Wall_36.png using Guid(583766ee7979aa447b907d839cf846cd) Importer(815301076,1909f56bfc062723c751e8b465ee728b)  -> (artifact id: '26ab1866bf1bf4ca7b4b1a78df124e68') in 0.007932 seconds 
========================================================================
Received Import Request.
  Time since last request: 0.000194 seconds.
  path: Assets/Sprites/Wall_33.png
  artifactKey: Guid(f800c020a6a9c6c4fadb72e753a74465) Importer(815301076,1909f56bfc062723c751e8b465ee728b)
Start importing Assets/Sprites/Wall_33.png using Guid(f800c020a6a9c6c4fadb72e753a74465) Importer(815301076,1909f56bfc062723c751e8b465ee728b)  -> (artifact id: '8362d44f8672e1dbdac543c9ba7bf685') in 0.006102 seconds 
========================================================================
Received Import Request.
  Time since last request: 0.000172 seconds.
  path: Assets/Sprites/Wall_37.png
  artifactKey: Guid(414389d20a64e754494bf77ba37368c5) Importer(815301076,1909f56bfc062723c751e8b465ee728b)
Start importing Assets/Sprites/Wall_37.png using Guid(414389d20a64e754494bf77ba37368c5) Importer(815301076,1909f56bfc062723c751e8b465ee728b)  -> (artifact id: '53f23ced384a1f376510bd168323f0ff') in 0.005970 seconds 
========================================================================
Received Import Request.
  Time since last request: 3.743541 seconds.
  path: Assets/Sprites/Pacman_Death_10.png
  artifactKey: Guid(a96e6056a970bcd49b0597c3e48d270b) Importer(815301076,1909f56bfc062723c751e8b465ee728b)
Start importing Assets/Sprites/Pacman_Death_10.png using Guid(a96e6056a970bcd49b0597c3e48d270b) Importer(815301076,1909f56bfc062723c751e8b465ee728b)  -> (artifact id: 'ef405e115d42e3ee0ede44a8fc107105') in 0.006344 seconds 
========================================================================
Received Import Request.
  Time since last request: 9.545745 seconds.
  path: Assets/Sprites/Pacman_Death_10.png
  artifactKey: Guid(a96e6056a970bcd49b0597c3e48d270b) Importer(815301076,1909f56bfc062723c751e8b465ee728b)
Start importing Assets/Sprites/Pacman_Death_10.png using Guid(a96e6056a970bcd49b0597c3e48d270b) Importer(815301076,1909f56bfc062723c751e8b465ee728b)  -> (artifact id: '903b3ae9f2ce1d0a6b2f497cf20a2cb5') in 0.006127 seconds 
========================================================================
Received Import Request.
  Time since last request: 0.025315 seconds.
  path: Assets/Sprites/Wall_32.png
  artifactKey: Guid(7d74fd38fde7d5b48805af81fcc674e9) Importer(815301076,1909f56bfc062723c751e8b465ee728b)
Start importing Assets/Sprites/Wall_32.png using Guid(7d74fd38fde7d5b48805af81fcc674e9) Importer(815301076,1909f56bfc062723c751e8b465ee728b)  -> (artifact id: '245cf699453d09bb442f874d7426d6a6') in 0.010124 seconds 
========================================================================
Received Import Request.
  Time since last request: 0.000271 seconds.
  path: Assets/Sprites/Wall_35.png
  artifactKey: Guid(a1129a3ab96ec824bb0aa0cb14d80189) Importer(815301076,1909f56bfc062723c751e8b465ee728b)
Start importing Assets/Sprites/Wall_35.png using Guid(a1129a3ab96ec824bb0aa0cb14d80189) Importer(815301076,1909f56bfc062723c751e8b465ee728b)  -> (artifact id: '40be0d3d6199a2fbf1e0be635a4c613e') in 0.010035 seconds 
========================================================================
Received Import Request.
  Time since last request: 0.000152 seconds.
  path: Assets/Sprites/Wall_34.png
  artifactKey: Guid(01f070200042773408734a66b6a1d400) Importer(815301076,1909f56bfc062723c751e8b465ee728b)
Start importing Assets/Sprites/Wall_34.png using Guid(01f070200042773408734a66b6a1d400) Importer(815301076,1909f56bfc062723c751e8b465ee728b)  -> (artifact id: 'b7c83773f9b4926665ee4c1c36238ad2') in 0.011369 seconds 
========================================================================
Received Import Request.
  Time since last request: 0.000205 seconds.
  path: Assets/Sprites/Wall_36.png
  artifactKey: Guid(583766ee7979aa447b907d839cf846cd) Importer(815301076,1909f56bfc062723c751e8b465ee728b)
Start importing Assets/Sprites/Wall_36.png using Guid(583766ee7979aa447b907d839cf846cd) Importer(815301076,1909f56bfc062723c751e8b465ee728b)  -> (artifact id: '36e5e57a3a687835520e24e712cf459e') in 0.007006 seconds 
========================================================================
Received Import Request.
  Time since last request: 0.000233 seconds.
  path: Assets/Sprites/Wall_33.png
  artifactKey: Guid(f800c020a6a9c6c4fadb72e753a74465) Importer(815301076,1909f56bfc062723c751e8b465ee728b)
Start importing Assets/Sprites/Wall_33.png using Guid(f800c020a6a9c6c4fadb72e753a74465) Importer(815301076,1909f56bfc062723c751e8b465ee728b)  -> (artifact id: '42c4cd5909dabdd68df80847e8353625') in 0.009582 seconds 
========================================================================
Received Import Request.
  Time since last request: 0.000283 seconds.
  path: Assets/Sprites/Wall_37.png
  artifactKey: Guid(414389d20a64e754494bf77ba37368c5) Importer(815301076,1909f56bfc062723c751e8b465ee728b)
Start importing Assets/Sprites/Wall_37.png using Guid(414389d20a64e754494bf77ba37368c5) Importer(815301076,1909f56bfc062723c751e8b465ee728b)  -> (artifact id: 'dd1c1fe0db2603fcd4e9b2d872efdb46') in 0.010608 seconds 
========================================================================
Received Import Request.
  Time since last request: 2.540917 seconds.
  path: Assets/Sprites/Wall_28.png
  artifactKey: Guid(3a8df66ee1442ee40859c8af52077aae) Importer(815301076,1909f56bfc062723c751e8b465ee728b)
Start importing Assets/Sprites/Wall_28.png using Guid(3a8df66ee1442ee40859c8af52077aae) Importer(815301076,1909f56bfc062723c751e8b465ee728b)  -> (artifact id: 'ab3633e77ee073a34296b0e099f4f12b') in 0.005980 seconds 
========================================================================
Received Import Request.
  Time since last request: 0.000178 seconds.
  path: Assets/Sprites/Wall_31.png
  artifactKey: Guid(b7c8dc6952416944ba07e97f0fdb3c37) Importer(815301076,1909f56bfc062723c751e8b465ee728b)
Start importing Assets/Sprites/Wall_31.png using Guid(b7c8dc6952416944ba07e97f0fdb3c37) Importer(815301076,1909f56bfc062723c751e8b465ee728b)  -> (artifact id: 'e2fecb2fd1cc829d2402262e5938e606') in 0.008234 seconds 
========================================================================
Received Import Request.
  Time since last request: 0.000180 seconds.
  path: Assets/Sprites/Wall_29.png
  artifactKey: Guid(dd15821b5d07f1443a1affd199683861) Importer(815301076,1909f56bfc062723c751e8b465ee728b)
Start importing Assets/Sprites/Wall_29.png using Guid(dd15821b5d07f1443a1affd199683861) Importer(815301076,1909f56bfc062723c751e8b465ee728b)  -> (artifact id: 'e136bb0406a4529a9b8a2852c3da7027') in 0.006597 seconds 
========================================================================
Received Import Request.
  Time since last request: 0.000249 seconds.
  path: Assets/Sprites/Wall_30.png
  artifactKey: Guid(c179945b0d96b0245aa41e005c763b9f) Importer(815301076,1909f56bfc062723c751e8b465ee728b)
Start importing Assets/Sprites/Wall_30.png using Guid(c179945b0d96b0245aa41e005c763b9f) Importer(815301076,1909f56bfc062723c751e8b465ee728b)  -> (artifact id: '8b660a20215456d8d4a9c2e74a231d21') in 0.009121 seconds 
========================================================================
Received Import Request.
  Time since last request: 0.295559 seconds.
  path: Assets/Sprites/Wall_24.png
  artifactKey: Guid(ba8bd0abc2f6f7c4da7464ef5ff3d915) Importer(815301076,1909f56bfc062723c751e8b465ee728b)
Start importing Assets/Sprites/Wall_24.png using Guid(ba8bd0abc2f6f7c4da7464ef5ff3d915) Importer(815301076,1909f56bfc062723c751e8b465ee728b)  -> (artifact id: '6a2ef9a167f1c69b0f2774da56c8ecf8') in 0.006017 seconds 
========================================================================
Received Import Request.
  Time since last request: 0.000228 seconds.
  path: Assets/Sprites/Wall_26.png
  artifactKey: Guid(3c1c4ee46f3ee8849a1df8862f3845f0) Importer(815301076,1909f56bfc062723c751e8b465ee728b)
Start importing Assets/Sprites/Wall_26.png using Guid(3c1c4ee46f3ee8849a1df8862f3845f0) Importer(815301076,1909f56bfc062723c751e8b465ee728b)  -> (artifact id: '86c8cf33be8c510eb2901795fd021894') in 0.009061 seconds 
========================================================================
Received Import Request.
  Time since last request: 0.000206 seconds.
  path: Assets/Sprites/Wall_27.png
  artifactKey: Guid(16e45a6228ed2584ea86b96ac5630aa4) Importer(815301076,1909f56bfc062723c751e8b465ee728b)
Start importing Assets/Sprites/Wall_27.png using Guid(16e45a6228ed2584ea86b96ac5630aa4) Importer(815301076,1909f56bfc062723c751e8b465ee728b)  -> (artifact id: 'a0cb2a59e51e5d1850d11bf8487aa644') in 0.009278 seconds 
========================================================================
Received Import Request.
  Time since last request: 0.000282 seconds.
  path: Assets/Sprites/Wall_25.png
  artifactKey: Guid(573f825df7d855d418f7b859d746f55d) Importer(815301076,1909f56bfc062723c751e8b465ee728b)
Start importing Assets/Sprites/Wall_25.png using Guid(573f825df7d855d418f7b859d746f55d) Importer(815301076,1909f56bfc062723c751e8b465ee728b)  -> (artifact id: 'b2f837dffe81c37e89c563b1b16a5328') in 0.005880 seconds 
========================================================================
Received Import Request.
  Time since last request: 0.372979 seconds.
  path: Assets/Sprites/Wall_20.png
  artifactKey: Guid(684f519cb58544a46a2f155d5ee4ff6a) Importer(815301076,1909f56bfc062723c751e8b465ee728b)
Start importing Assets/Sprites/Wall_20.png using Guid(684f519cb58544a46a2f155d5ee4ff6a) Importer(815301076,1909f56bfc062723c751e8b465ee728b)  -> (artifact id: '426640211590824e9540ad43f4eb37aa') in 0.008134 seconds 
========================================================================
Received Import Request.
  Time since last request: 0.000171 seconds.
  path: Assets/Sprites/Wall_22.png
  artifactKey: Guid(53b416e686d1f5c4b8ed3e4ac6c8e722) Importer(815301076,1909f56bfc062723c751e8b465ee728b)
Start importing Assets/Sprites/Wall_22.png using Guid(53b416e686d1f5c4b8ed3e4ac6c8e722) Importer(815301076,1909f56bfc062723c751e8b465ee728b)  -> (artifact id: '113d9b219875b83a5e6ab9fde48694c0') in 0.005848 seconds 
========================================================================
Received Import Request.
  Time since last request: 0.000282 seconds.
  path: Assets/Sprites/Wall_21.png
  artifactKey: Guid(2f7f3beedeae95a40a9a77665df663a4) Importer(815301076,1909f56bfc062723c751e8b465ee728b)
Start importing Assets/Sprites/Wall_21.png using Guid(2f7f3beedeae95a40a9a77665df663a4) Importer(815301076,1909f56bfc062723c751e8b465ee728b)  -> (artifact id: '79f438564a21f494406f24d7c19c99ba') in 0.006679 seconds 
========================================================================
Received Import Request.
  Time since last request: 0.000269 seconds.
  path: Assets/Sprites/Wall_23.png
  artifactKey: Guid(981d3389063874f49bcb35e9c4f34b75) Importer(815301076,1909f56bfc062723c751e8b465ee728b)
Start importing Assets/Sprites/Wall_23.png using Guid(981d3389063874f49bcb35e9c4f34b75) Importer(815301076,1909f56bfc062723c751e8b465ee728b)  -> (artifact id: '6a62fac765f6ee3a40f0a46af0cfee13') in 0.008866 seconds 
========================================================================
Received Import Request.
  Time since last request: 0.721450 seconds.
  path: Assets/Sprites/Wall_16.png
  artifactKey: Guid(90bbfcc5f8997b84fbae8a86b7c4db37) Importer(815301076,1909f56bfc062723c751e8b465ee728b)
Start importing Assets/Sprites/Wall_16.png using Guid(90bbfcc5f8997b84fbae8a86b7c4db37) Importer(815301076,1909f56bfc062723c751e8b465ee728b)  -> (artifact id: 'aa9dd5769a908a83ef7433add4f84d2e') in 0.008007 seconds 
========================================================================
Received Import Request.
  Time since last request: 0.000271 seconds.
  path: Assets/Sprites/Wall_17.png
  artifactKey: Guid(8256904cf5a5ad04782570c3a1156e66) Importer(815301076,1909f56bfc062723c751e8b465ee728b)
Start importing Assets/Sprites/Wall_17.png using Guid(8256904cf5a5ad04782570c3a1156e66) Importer(815301076,1909f56bfc062723c751e8b465ee728b)  -> (artifact id: 'b049da5170283648a0ae862c36288542') in 0.008949 seconds 
========================================================================
Received Import Request.
  Time since last request: 0.000217 seconds.
  path: Assets/Sprites/Wall_19.png
  artifactKey: Guid(2e1dcc0c33fb1524db74eeaffe504f5e) Importer(815301076,1909f56bfc062723c751e8b465ee728b)
Start importing Assets/Sprites/Wall_19.png using Guid(2e1dcc0c33fb1524db74eeaffe504f5e) Importer(815301076,1909f56bfc062723c751e8b465ee728b)  -> (artifact id: '0bf73828b729fb6f963f6fd47f4f225b') in 0.006273 seconds 
========================================================================
Received Import Request.
  Time since last request: 0.000217 seconds.
  path: Assets/Sprites/Wall_18.png
  artifactKey: Guid(c1cff214df4278342964ab723f142622) Importer(815301076,1909f56bfc062723c751e8b465ee728b)
Start importing Assets/Sprites/Wall_18.png using Guid(c1cff214df4278342964ab723f142622) Importer(815301076,1909f56bfc062723c751e8b465ee728b)  -> (artifact id: '21e35eeea0d6f75137f5caef706e6a8a') in 0.010071 seconds 
========================================================================
Received Import Request.
  Time since last request: 0.350721 seconds.
  path: Assets/Sprites/Wall_12.png
  artifactKey: Guid(f96639468af0ba24684c0ab556d3b031) Importer(815301076,1909f56bfc062723c751e8b465ee728b)
Start importing Assets/Sprites/Wall_12.png using Guid(f96639468af0ba24684c0ab556d3b031) Importer(815301076,1909f56bfc062723c751e8b465ee728b)  -> (artifact id: '24b231d8ee555ad903b2ab0038c8800a') in 0.005987 seconds 
========================================================================
Received Import Request.
  Time since last request: 0.000235 seconds.
  path: Assets/Sprites/Wall_15.png
  artifactKey: Guid(87855413d05b29c439e719b1c72929e2) Importer(815301076,1909f56bfc062723c751e8b465ee728b)
Start importing Assets/Sprites/Wall_15.png using Guid(87855413d05b29c439e719b1c72929e2) Importer(815301076,1909f56bfc062723c751e8b465ee728b)  -> (artifact id: 'e45d4250198b19c96c676f84d27f60c6') in 0.005513 seconds 
========================================================================
Received Import Request.
  Time since last request: 0.000269 seconds.
  path: Assets/Sprites/Wall_13.png
  artifactKey: Guid(82cbafdaad537b844a42ff7b67613bc9) Importer(815301076,1909f56bfc062723c751e8b465ee728b)
Start importing Assets/Sprites/Wall_13.png using Guid(82cbafdaad537b844a42ff7b67613bc9) Importer(815301076,1909f56bfc062723c751e8b465ee728b)  -> (artifact id: 'fff8a9feb9704e527c1360f88a5a8975') in 0.009333 seconds 
========================================================================
Received Import Request.
  Time since last request: 0.000243 seconds.
  path: Assets/Sprites/Wall_14.png
  artifactKey: Guid(f37a64cc77901004aa5e290bf701fe88) Importer(815301076,1909f56bfc062723c751e8b465ee728b)
Start importing Assets/Sprites/Wall_14.png using Guid(f37a64cc77901004aa5e290bf701fe88) Importer(815301076,1909f56bfc062723c751e8b465ee728b)  -> (artifact id: 'd9b426bd5a6be628874520b187a1d553') in 0.008633 seconds 
========================================================================
Received Import Request.
  Time since last request: 0.832793 seconds.
  path: Assets/Sprites/Wall_08.png
  artifactKey: Guid(5c3d9e987b3af1a4d9594464447bb5ec) Importer(815301076,1909f56bfc062723c751e8b465ee728b)
Start importing Assets/Sprites/Wall_08.png using Guid(5c3d9e987b3af1a4d9594464447bb5ec) Importer(815301076,1909f56bfc062723c751e8b465ee728b)  -> (artifact id: '938d1840d430dd3ad74ca7b32b40749b') in 0.005600 seconds 
========================================================================
Received Import Request.
  Time since last request: 0.000203 seconds.
  path: Assets/Sprites/Wall_09.png
  artifactKey: Guid(be9e7073f02f0e944b69095ec1ecf9b7) Importer(815301076,1909f56bfc062723c751e8b465ee728b)
Start importing Assets/Sprites/Wall_09.png using Guid(be9e7073f02f0e944b69095ec1ecf9b7) Importer(815301076,1909f56bfc062723c751e8b465ee728b)  -> (artifact id: '7267d589f891a12464ebc241bab5b858') in 0.006200 seconds 
========================================================================
Received Import Request.
  Time since last request: 0.000341 seconds.
  path: Assets/Sprites/Wall_10.png
  artifactKey: Guid(0a22e7042ab3c1b4b8380f6b439d0283) Importer(815301076,1909f56bfc062723c751e8b465ee728b)
Start importing Assets/Sprites/Wall_10.png using Guid(0a22e7042ab3c1b4b8380f6b439d0283) Importer(815301076,1909f56bfc062723c751e8b465ee728b)  -> (artifact id: 'daf2d8fee47457f7d36d72a8d2268110') in 0.006923 seconds 
========================================================================
Received Import Request.
  Time since last request: 0.000259 seconds.
  path: Assets/Sprites/Wall_11.png
  artifactKey: Guid(cbd9dca9670758145834eee914632352) Importer(815301076,1909f56bfc062723c751e8b465ee728b)
Start importing Assets/Sprites/Wall_11.png using Guid(cbd9dca9670758145834eee914632352) Importer(815301076,1909f56bfc062723c751e8b465ee728b)  -> (artifact id: 'd153816773617d620fdf3b207fb1700e') in 0.005715 seconds 
========================================================================
Received Import Request.
  Time since last request: 0.675163 seconds.
  path: Assets/Sprites/Wall_04.png
  artifactKey: Guid(2a3d78bef8319d140a5a739a7f95965c) Importer(815301076,1909f56bfc062723c751e8b465ee728b)
Start importing Assets/Sprites/Wall_04.png using Guid(2a3d78bef8319d140a5a739a7f95965c) Importer(815301076,1909f56bfc062723c751e8b465ee728b)  -> (artifact id: 'bb2c06c36add92bfdd01adc5bc0f3029') in 0.005622 seconds 
========================================================================
Received Import Request.
  Time since last request: 0.000239 seconds.
  path: Assets/Sprites/Wall_07.png
  artifactKey: Guid(19a9a2660c3cb454f8ad69b00d4c6913) Importer(815301076,1909f56bfc062723c751e8b465ee728b)
Start importing Assets/Sprites/Wall_07.png using Guid(19a9a2660c3cb454f8ad69b00d4c6913) Importer(815301076,1909f56bfc062723c751e8b465ee728b)  -> (artifact id: '6d3255c785f80a6b7967c8b44e3a0b80') in 0.005734 seconds 
========================================================================
Received Import Request.
  Time since last request: 0.000175 seconds.
  path: Assets/Sprites/Wall_06.png
  artifactKey: Guid(45a23bd3d38313b4c89262ecd2913708) Importer(815301076,1909f56bfc062723c751e8b465ee728b)
Start importing Assets/Sprites/Wall_06.png using Guid(45a23bd3d38313b4c89262ecd2913708) Importer(815301076,1909f56bfc062723c751e8b465ee728b)  -> (artifact id: '47eaba94eeebd0387d6c3423e257e087') in 0.009202 seconds 
========================================================================
Received Import Request.
  Time since last request: 0.000229 seconds.
  path: Assets/Sprites/Wall_05.png
  artifactKey: Guid(04208c4aab833a6429a52621a88a4d75) Importer(815301076,1909f56bfc062723c751e8b465ee728b)
Start importing Assets/Sprites/Wall_05.png using Guid(04208c4aab833a6429a52621a88a4d75) Importer(815301076,1909f56bfc062723c751e8b465ee728b)  -> (artifact id: '5a567cc3d08234f7b3dcb3823e3c16b0') in 0.007414 seconds 
========================================================================
Received Import Request.
  Time since last request: 0.311088 seconds.
  path: Assets/Sprites/Wall_00.png
  artifactKey: Guid(990886db61ff80d49b7addbf9af0be6c) Importer(815301076,1909f56bfc062723c751e8b465ee728b)
Start importing Assets/Sprites/Wall_00.png using Guid(990886db61ff80d49b7addbf9af0be6c) Importer(815301076,1909f56bfc062723c751e8b465ee728b)  -> (artifact id: '6c80fbe1039011f1d95e1d84dd9eab25') in 0.008356 seconds 
========================================================================
Received Import Request.
  Time since last request: 0.000218 seconds.
  path: Assets/Sprites/Wall_01.png
  artifactKey: Guid(aeb6c9a1706b9954796f239acb2d5df1) Importer(815301076,1909f56bfc062723c751e8b465ee728b)
Start importing Assets/Sprites/Wall_01.png using Guid(aeb6c9a1706b9954796f239acb2d5df1) Importer(815301076,1909f56bfc062723c751e8b465ee728b)  -> (artifact id: 'd2572e6257fdae8d1b9c71ee8aca9c87') in 0.005639 seconds 
========================================================================
Received Import Request.
  Time since last request: 0.000178 seconds.
  path: Assets/Sprites/Wall_02.png
  artifactKey: Guid(1666592e6b1c5ef418efff9e293af368) Importer(815301076,1909f56bfc062723c751e8b465ee728b)
Start importing Assets/Sprites/Wall_02.png using Guid(1666592e6b1c5ef418efff9e293af368) Importer(815301076,1909f56bfc062723c751e8b465ee728b)  -> (artifact id: '0734dae5f892ba951147191eb15243d3') in 0.010337 seconds 
========================================================================
Received Import Request.
  Time since last request: 0.000288 seconds.
  path: Assets/Sprites/Wall_03.png
  artifactKey: Guid(f167b751c0df5c84c8385b8ec59733dd) Importer(815301076,1909f56bfc062723c751e8b465ee728b)
Start importing Assets/Sprites/Wall_03.png using Guid(f167b751c0df5c84c8385b8ec59733dd) Importer(815301076,1909f56bfc062723c751e8b465ee728b)  -> (artifact id: 'e34c9f87d8040bda5887d7e3fbce3a79') in 0.009280 seconds 
========================================================================
Received Import Request.
  Time since last request: 0.310803 seconds.
  path: Assets/Sprites/Pacman_Death_11.png
  artifactKey: Guid(579f8597255799844b5d2d89855c26d4) Importer(815301076,1909f56bfc062723c751e8b465ee728b)
Start importing Assets/Sprites/Pacman_Death_11.png using Guid(579f8597255799844b5d2d89855c26d4) Importer(815301076,1909f56bfc062723c751e8b465ee728b)  -> (artifact id: '92ea34ac325bcaf400ab4e6b2ffb1419') in 0.005332 seconds 
========================================================================
Received Import Request.
  Time since last request: 0.000282 seconds.
  path: Assets/Sprites/Pellet_Medium.png
  artifactKey: Guid(3eef1c7fee2f8be43925317b2c6d47de) Importer(815301076,1909f56bfc062723c751e8b465ee728b)
Start importing Assets/Sprites/Pellet_Medium.png using Guid(3eef1c7fee2f8be43925317b2c6d47de) Importer(815301076,1909f56bfc062723c751e8b465ee728b)  -> (artifact id: 'e1370a9f521cc37d5b595735ecfc7368') in 0.005607 seconds 
========================================================================
Received Import Request.
  Time since last request: 0.000265 seconds.
  path: Assets/Sprites/Pellet_Large.png
  artifactKey: Guid(6df5dbb810882584384be01a355f2219) Importer(815301076,1909f56bfc062723c751e8b465ee728b)
Start importing Assets/Sprites/Pellet_Large.png using Guid(6df5dbb810882584384be01a355f2219) Importer(815301076,1909f56bfc062723c751e8b465ee728b)  -> (artifact id: '5fe1dd97d5aee28914beaccb76da2e08') in 0.007360 seconds 
========================================================================
Received Import Request.
  Time since last request: 0.000258 seconds.
  path: Assets/Sprites/Pellet_Small.png
  artifactKey: Guid(53443f2aefabad045b3dda9ee5be40c9) Importer(815301076,1909f56bfc062723c751e8b465ee728b)
Start importing Assets/Sprites/Pellet_Small.png using Guid(53443f2aefabad045b3dda9ee5be40c9) Importer(815301076,1909f56bfc062723c751e8b465ee728b)  -> (artifact id: '34860099fb1ce8d488349b32e1a2129b') in 0.009729 seconds 
========================================================================
Received Import Request.
  Time since last request: 11.407203 seconds.
  path: Assets/Sprites/Wall_27.png
  artifactKey: Guid(16e45a6228ed2584ea86b96ac5630aa4) Importer(815301076,1909f56bfc062723c751e8b465ee728b)
Start importing Assets/Sprites/Wall_27.png using Guid(16e45a6228ed2584ea86b96ac5630aa4) Importer(815301076,1909f56bfc062723c751e8b465ee728b)  -> (artifact id: '66941a09df53cc7852ad20895f210f90') in 0.006459 seconds 
========================================================================
Received Import Request.
  Time since last request: 0.013908 seconds.
  path: Assets/Sprites/Wall_00.png
  artifactKey: Guid(990886db61ff80d49b7addbf9af0be6c) Importer(815301076,1909f56bfc062723c751e8b465ee728b)
Start importing Assets/Sprites/Wall_00.png using Guid(990886db61ff80d49b7addbf9af0be6c) Importer(815301076,1909f56bfc062723c751e8b465ee728b)  -> (artifact id: '7a70bd449c16cfd910a086adaecfc98e') in 0.006671 seconds 
========================================================================
Received Import Request.
  Time since last request: 0.000262 seconds.
  path: Assets/Sprites/Wall_07.png
  artifactKey: Guid(19a9a2660c3cb454f8ad69b00d4c6913) Importer(815301076,1909f56bfc062723c751e8b465ee728b)
Start importing Assets/Sprites/Wall_07.png using Guid(19a9a2660c3cb454f8ad69b00d4c6913) Importer(815301076,1909f56bfc062723c751e8b465ee728b)  -> (artifact id: '873c6cfafb3bd174a3f791edb7d40b2a') in 0.005471 seconds 
========================================================================
Received Import Request.
  Time since last request: 0.000244 seconds.
  path: Assets/Sprites/Wall_01.png
  artifactKey: Guid(aeb6c9a1706b9954796f239acb2d5df1) Importer(815301076,1909f56bfc062723c751e8b465ee728b)
Start importing Assets/Sprites/Wall_01.png using Guid(aeb6c9a1706b9954796f239acb2d5df1) Importer(815301076,1909f56bfc062723c751e8b465ee728b)  -> (artifact id: 'b7c6f66c84f8f01b9670b171dd015d3f') in 0.006485 seconds 
========================================================================
Received Import Request.
  Time since last request: 0.000239 seconds.
  path: Assets/Sprites/Wall_02.png
  artifactKey: Guid(1666592e6b1c5ef418efff9e293af368) Importer(815301076,1909f56bfc062723c751e8b465ee728b)
Start importing Assets/Sprites/Wall_02.png using Guid(1666592e6b1c5ef418efff9e293af368) Importer(815301076,1909f56bfc062723c751e8b465ee728b)  -> (artifact id: '704920571a51ed388658b6d76a42c3de') in 0.005650 seconds 
========================================================================
Received Import Request.
  Time since last request: 0.000194 seconds.
  path: Assets/Sprites/Wall_06.png
  artifactKey: Guid(45a23bd3d38313b4c89262ecd2913708) Importer(815301076,1909f56bfc062723c751e8b465ee728b)
Start importing Assets/Sprites/Wall_06.png using Guid(45a23bd3d38313b4c89262ecd2913708) Importer(815301076,1909f56bfc062723c751e8b465ee728b)  -> (artifact id: 'c5b30babc9805440e8e5f64171176c8b') in 0.006221 seconds 
========================================================================
Received Import Request.
  Time since last request: 0.000225 seconds.
  path: Assets/Sprites/Wall_03.png
  artifactKey: Guid(f167b751c0df5c84c8385b8ec59733dd) Importer(815301076,1909f56bfc062723c751e8b465ee728b)
Start importing Assets/Sprites/Wall_03.png using Guid(f167b751c0df5c84c8385b8ec59733dd) Importer(815301076,1909f56bfc062723c751e8b465ee728b)  -> (artifact id: 'd28cbc258214ab97d2e461ddbccec17c') in 0.005595 seconds 
========================================================================
Received Import Request.
  Time since last request: 0.000188 seconds.
  path: Assets/Sprites/Wall_05.png
  artifactKey: Guid(04208c4aab833a6429a52621a88a4d75) Importer(815301076,1909f56bfc062723c751e8b465ee728b)
Start importing Assets/Sprites/Wall_05.png using Guid(04208c4aab833a6429a52621a88a4d75) Importer(815301076,1909f56bfc062723c751e8b465ee728b)  -> (artifact id: '66ae0503e9556f40460b7aa6b8cf1a56') in 0.008933 seconds 
========================================================================
Received Import Request.
  Time since last request: 0.000252 seconds.
  path: Assets/Sprites/Wall_04.png
  artifactKey: Guid(2a3d78bef8319d140a5a739a7f95965c) Importer(815301076,1909f56bfc062723c751e8b465ee728b)
Start importing Assets/Sprites/Wall_04.png using Guid(2a3d78bef8319d140a5a739a7f95965c) Importer(815301076,1909f56bfc062723c751e8b465ee728b)  -> (artifact id: '5c2fe13436e2e309e33edf9f17af7ffd') in 0.006856 seconds 
========================================================================
Received Import Request.
  Time since last request: 0.000280 seconds.
  path: Assets/Sprites/Wall_08.png
  artifactKey: Guid(5c3d9e987b3af1a4d9594464447bb5ec) Importer(815301076,1909f56bfc062723c751e8b465ee728b)
Start importing Assets/Sprites/Wall_08.png using Guid(5c3d9e987b3af1a4d9594464447bb5ec) Importer(815301076,1909f56bfc062723c751e8b465ee728b)  -> (artifact id: 'b266b8adc70a2ed26a028c1762cd1ae2') in 0.005908 seconds 
